<?xml version="1.0" encoding="UTF-8"?>
<testsuite xmlns:xsi="http://www.w3.org/2001/XMLSchema-instance" xsi:noNamespaceSchemaLocation="https://maven.apache.org/surefire/maven-surefire-plugin/xsd/surefire-test-report-3.0.xsd" version="3.0" name="edu.bu.met.cs665.EmailGeneratorTest" time="0.02" tests="5" errors="0" skipped="0" failures="0">
  <properties>
[...]
</properties>
  <testcase name="testFrequentCustomerEmail" classname="edu.bu.met.cs665.EmailGeneratorTest" time="0.01"/>
  <testcase name="testVIPCustomerEmail" classname="edu.bu.met.cs665.EmailGeneratorTest" time="0.0"/>
  <testcase name="testReturningCustomerEmail" classname="edu.bu.met.cs665.EmailGeneratorTest" time="0.0"/>
  <testcase name="testNewCustomerEmail" classname="edu.bu.met.cs665.EmailGeneratorTest" time="0.001"/>
  <testcase name="testBusinessCustomerEmail" classname="edu.bu.met.cs665.EmailGeneratorTest" time="0.0"/>
</testsuite>